{"contracts\\interfaces\\IUniswapV2ERC20.sol":{"l":{},"path":"C:\\Users\\RvD\\uniswaptask\\contracts\\interfaces\\IUniswapV2ERC20.sol","s":{},"b":{},"f":{},"fnMap":{},"statementMap":{},"branchMap":{}},"contracts\\interfaces\\IUniswapV2Factory.sol":{"l":{},"path":"C:\\Users\\RvD\\uniswaptask\\contracts\\interfaces\\IUniswapV2Factory.sol","s":{},"b":{},"f":{},"fnMap":{},"statementMap":{},"branchMap":{}},"contracts\\interfaces\\IUniswapV2Router.sol":{"l":{},"path":"C:\\Users\\RvD\\uniswaptask\\contracts\\interfaces\\IUniswapV2Router.sol","s":{},"b":{},"f":{},"fnMap":{},"statementMap":{},"branchMap":{}},"contracts\\liquidity.sol":{"l":{"26":2,"27":2,"29":2,"31":2,"33":2,"45":2,"46":2,"47":2,"51":1,"53":1,"54":1,"56":1,"69":1,"70":1},"path":"C:\\Users\\RvD\\uniswaptask\\contracts\\liquidity.sol","s":{"1":2,"2":2,"3":2,"4":2,"5":2,"6":2,"7":2,"8":2,"9":1,"10":1,"11":1,"12":1,"13":1,"14":1},"b":{},"f":{"1":2,"2":1},"fnMap":{"1":{"name":"addLiquidity","line":20,"loc":{"start":{"line":20,"column":2},"end":{"line":48,"column":2}}},"2":{"name":"removeLiquidity","line":50,"loc":{"start":{"line":50,"column":2},"end":{"line":71,"column":2}}}},"statementMap":{"1":{"start":{"line":26,"column":4},"end":{"line":26,"column":68}},"2":{"start":{"line":27,"column":4},"end":{"line":27,"column":68}},"3":{"start":{"line":29,"column":4},"end":{"line":29,"column":45}},"4":{"start":{"line":31,"column":4},"end":{"line":31,"column":45}},"5":{"start":{"line":33,"column":4},"end":{"line":33,"column":1229}},"6":{"start":{"line":45,"column":4},"end":{"line":45,"column":32}},"7":{"start":{"line":46,"column":4},"end":{"line":46,"column":32}},"8":{"start":{"line":47,"column":4},"end":{"line":47,"column":36}},"9":{"start":{"line":51,"column":4},"end":{"line":51,"column":72}},"10":{"start":{"line":53,"column":4},"end":{"line":53,"column":58}},"11":{"start":{"line":54,"column":4},"end":{"line":54,"column":43}},"12":{"start":{"line":56,"column":4},"end":{"line":56,"column":1830}},"13":{"start":{"line":69,"column":4},"end":{"line":69,"column":32}},"14":{"start":{"line":70,"column":4},"end":{"line":70,"column":32}}},"branchMap":{}},"contracts\\token1.sol":{"l":{"9":3,"13":2,"14":1,"19":2,"20":2,"21":2},"path":"C:\\Users\\RvD\\uniswaptask\\contracts\\token1.sol","s":{"1":3,"2":2,"3":1,"4":2,"5":2},"b":{"1":[1,1],"2":[1,1]},"f":{"1":3,"2":2,"3":2},"fnMap":{"1":{"name":"constructor","line":8,"loc":{"start":{"line":8,"column":4},"end":{"line":10,"column":8}}},"2":{"name":"mint","line":12,"loc":{"start":{"line":12,"column":5},"end":{"line":15,"column":4}}},"3":{"name":"checkadd","line":18,"loc":{"start":{"line":18,"column":0},"end":{"line":22,"column":8}}}},"statementMap":{"1":{"start":{"line":9,"column":8},"end":{"line":9,"column":34}},"2":{"start":{"line":13,"column":8},"end":{"line":13,"column":47}},"3":{"start":{"line":14,"column":8},"end":{"line":14,"column":24}},"4":{"start":{"line":19,"column":8},"end":{"line":19,"column":23}},"5":{"start":{"line":21,"column":8},"end":{"line":21,"column":45}}},"branchMap":{"1":{"line":13,"type":"if","locations":[{"start":{"line":13,"column":8},"end":{"line":13,"column":8}},{"start":{"line":13,"column":8},"end":{"line":13,"column":8}}]},"2":{"line":21,"type":"if","locations":[{"start":{"line":21,"column":32},"end":{"line":21,"column":35}},{"start":{"line":21,"column":39},"end":{"line":21,"column":43}}]}}},"contracts\\token2.sol":{"l":{"9":3,"13":2,"14":1,"19":2,"20":2,"21":2},"path":"C:\\Users\\RvD\\uniswaptask\\contracts\\token2.sol","s":{"1":3,"2":2,"3":1,"4":2,"5":2},"b":{"1":[1,1],"2":[1,1]},"f":{"1":3,"2":2,"3":2},"fnMap":{"1":{"name":"constructor","line":8,"loc":{"start":{"line":8,"column":4},"end":{"line":10,"column":4}}},"2":{"name":"mint","line":12,"loc":{"start":{"line":12,"column":5},"end":{"line":15,"column":4}}},"3":{"name":"checkadd","line":18,"loc":{"start":{"line":18,"column":0},"end":{"line":22,"column":8}}}},"statementMap":{"1":{"start":{"line":9,"column":8},"end":{"line":9,"column":36}},"2":{"start":{"line":13,"column":8},"end":{"line":13,"column":47}},"3":{"start":{"line":14,"column":8},"end":{"line":14,"column":24}},"4":{"start":{"line":19,"column":8},"end":{"line":19,"column":23}},"5":{"start":{"line":21,"column":8},"end":{"line":21,"column":45}}},"branchMap":{"1":{"line":13,"type":"if","locations":[{"start":{"line":13,"column":8},"end":{"line":13,"column":8}},{"start":{"line":13,"column":8},"end":{"line":13,"column":8}}]},"2":{"line":21,"type":"if","locations":[{"start":{"line":21,"column":32},"end":{"line":21,"column":35}},{"start":{"line":21,"column":39},"end":{"line":21,"column":43}}]}}}}