TN:
SF:C:\Users\RvD\uniswaptask\contracts\interfaces\IUniswapV2ERC20.sol
FNF:0
FNH:0
LF:0
LH:0
BRF:0
BRH:0
end_of_record
TN:
SF:C:\Users\RvD\uniswaptask\contracts\interfaces\IUniswapV2Factory.sol
FNF:0
FNH:0
LF:0
LH:0
BRF:0
BRH:0
end_of_record
TN:
SF:C:\Users\RvD\uniswaptask\contracts\interfaces\IUniswapV2Router.sol
FNF:0
FNH:0
LF:0
LH:0
BRF:0
BRH:0
end_of_record
TN:
SF:C:\Users\RvD\uniswaptask\contracts\liquidity.sol
FN:20,addLiquidity
FN:50,removeLiquidity
FNF:2
FNH:2
FNDA:2,addLiquidity
FNDA:1,removeLiquidity
DA:26,2
DA:27,2
DA:29,2
DA:31,2
DA:33,2
DA:45,2
DA:46,2
DA:47,2
DA:51,1
DA:53,1
DA:54,1
DA:56,1
DA:69,1
DA:70,1
LF:14
LH:14
BRF:0
BRH:0
end_of_record
TN:
SF:C:\Users\RvD\uniswaptask\contracts\token1.sol
FN:8,constructor
FN:12,mint
FN:18,checkadd
FNF:3
FNH:3
FNDA:3,constructor
FNDA:2,mint
FNDA:2,checkadd
DA:9,3
DA:13,2
DA:14,1
DA:19,2
DA:20,2
DA:21,2
LF:6
LH:6
BRDA:13,1,0,1
BRDA:13,1,1,1
BRDA:21,2,0,1
BRDA:21,2,1,1
BRF:4
BRH:4
end_of_record
TN:
SF:C:\Users\RvD\uniswaptask\contracts\token2.sol
FN:8,constructor
FN:12,mint
FN:18,checkadd
FNF:3
FNH:3
FNDA:3,constructor
FNDA:2,mint
FNDA:2,checkadd
DA:9,3
DA:13,2
DA:14,1
DA:19,2
DA:20,2
DA:21,2
LF:6
LH:6
BRDA:13,1,0,1
BRDA:13,1,1,1
BRDA:21,2,0,1
BRDA:21,2,1,1
BRF:4
BRH:4
end_of_record
